9/28/2018 3:33:31 PM: ------- Calling Get API ------.
9/28/2018 3:33:31 PM: Executing Http Call.
9/28/2018 3:33:36 PM: On Break, time span : 00:00:10.
9/28/2018 3:33:37 PM: ------- Calling Get API ------.
9/28/2018 3:33:40 PM: ------- Calling Get API ------.
9/28/2018 3:33:41 PM: ------- Calling Get API ------.
9/28/2018 3:33:42 PM: ------- Calling Get API ------.
9/28/2018 3:33:43 PM: ------- Calling Get API ------.
9/28/2018 3:33:45 PM: ------- Calling Get API ------.
9/28/2018 3:34:14 PM: ------- Calling Get API ------.
9/28/2018 3:34:14 PM: on HalfOpen.
9/28/2018 3:34:14 PM: Executing Http Call.
9/28/2018 3:34:19 PM: On Break, time span : 00:00:10.
9/28/2018 3:34:19 PM: ------- Calling Get API ------.
9/28/2018 3:34:26 PM: ------- Calling Get API ------.
9/28/2018 3:34:27 PM: ------- Calling Get API ------.
9/28/2018 3:34:28 PM: ------- Calling Get API ------.
9/28/2018 3:34:29 PM: ------- Calling Get API ------.
9/28/2018 3:34:29 PM: ------- Calling Get API ------.
9/28/2018 3:34:29 PM: on HalfOpen.
9/28/2018 3:34:29 PM: Executing Http Call.
9/28/2018 3:34:30 PM: On Reset.
9/28/2018 3:34:40 PM: ------- Calling GetwithDelay API with dalay 6000 -----.
9/28/2018 3:34:40 PM: Executing Http Call.
9/28/2018 3:34:45 PM: On Break, time span : 00:00:10.
9/28/2018 3:34:45 PM: ------- Calling GetwithDelay API with dalay 6000 -----.
9/28/2018 3:34:50 PM: ------- Calling GetwithDelay API with dalay 2000 -----.
9/28/2018 3:34:56 PM: ------- Calling GetwithDelay API with dalay 2000 -----.
9/28/2018 3:34:56 PM: on HalfOpen.
9/28/2018 3:34:56 PM: Executing Http Call.
9/28/2018 3:34:58 PM: On Reset.
9/28/2018 3:35:01 PM: ------- Calling GetwithDelay API with dalay 2000 -----.
9/28/2018 3:35:01 PM: Executing Http Call.
9/28/2018 3:35:08 PM: ------- Calling GetwithDelay API with dalay 5000 -----.
9/28/2018 3:35:08 PM: Executing Http Call.
9/28/2018 3:35:13 PM: On Break, time span : 00:00:10.
9/28/2018 3:35:13 PM: ------- Calling GetwithDelay API with dalay 5000 -----.
9/28/2018 3:35:17 PM: ------- Calling GetwithDelay API with dalay 1000 -----.
9/28/2018 3:35:21 PM: ------- Calling GetwithDelay API with dalay 1000 -----.
9/28/2018 3:35:22 PM: ------- Calling GetwithDelay API with dalay 1000 -----.
9/28/2018 3:35:23 PM: ------- Calling GetwithDelay API with dalay 1000 -----.
9/28/2018 3:35:24 PM: ------- Calling GetwithDelay API with dalay 1000 -----.
9/28/2018 3:35:24 PM: on HalfOpen.
9/28/2018 3:35:24 PM: Executing Http Call.
9/28/2018 3:35:25 PM: On Reset.
9/28/2018 3:35:31 PM: ------- Calling GetException -----.
9/28/2018 3:35:31 PM: Executing Http Call.
9/28/2018 3:35:31 PM: On Break, time span : 00:00:10.
9/28/2018 3:35:34 PM: ------- Calling GetException -----.
9/28/2018 3:35:35 PM: ------- Calling GetException -----.
9/28/2018 3:35:36 PM: ------- Calling GetException -----.
9/28/2018 3:35:36 PM: ------- Calling GetException -----.
9/28/2018 3:35:37 PM: ------- Calling GetException -----.
9/28/2018 3:35:38 PM: ------- Calling GetException -----.
9/28/2018 3:35:39 PM: ------- Calling GetException -----.
9/28/2018 3:35:40 PM: ------- Calling GetException -----.
9/28/2018 3:35:41 PM: ------- Calling GetException -----.
9/28/2018 3:35:41 PM: on HalfOpen.
9/28/2018 3:35:41 PM: Executing Http Call.
9/28/2018 3:35:41 PM: On Break, time span : 00:00:10.
9/28/2018 3:35:43 PM: ------- Calling GetException -----.
9/28/2018 3:35:45 PM: ------- Calling GetException -----.
9/28/2018 3:35:45 PM: ------- Calling GetException -----.
9/28/2018 3:35:47 PM: ------- Calling GetException -----.
9/28/2018 3:35:52 PM: ------- Calling Get API ------.
9/28/2018 3:35:52 PM: on HalfOpen.
9/28/2018 3:35:52 PM: Executing Http Call.
9/28/2018 3:35:52 PM: On Reset.
9/28/2018 3:35:54 PM: ------- Calling Get API ------.
9/28/2018 3:35:54 PM: Executing Http Call.
9/28/2018 3:35:55 PM: ------- Calling Get API ------.
9/28/2018 3:35:55 PM: Executing Http Call.
9/28/2018 3:35:56 PM: ------- Calling Get API ------.
9/28/2018 3:35:56 PM: Executing Http Call.
9/28/2018 3:36:05 PM: ------- Calling GetException -----.
9/28/2018 3:36:05 PM: Executing Http Call.
9/28/2018 3:36:05 PM: On Break, time span : 00:00:10.
9/28/2018 3:36:08 PM: ------- Calling GetException -----.
9/28/2018 3:36:09 PM: ------- Calling GetException -----.
9/28/2018 3:36:15 PM: ------- Calling Get API ------.
9/28/2018 3:36:17 PM: ------- Calling Get API ------.
9/28/2018 3:36:17 PM: on HalfOpen.
9/28/2018 3:36:17 PM: Executing Http Call.
9/28/2018 3:36:17 PM: On Reset.
9/28/2018 3:36:18 PM: ------- Calling Get API ------.
9/28/2018 3:36:18 PM: Executing Http Call.
